<?xml version="1.0" encoding="UTF-8"?>
<!-- Generated by org.testng.reporters.JUnitReportReporter -->
<testsuite hostname="DESKTOP-91O1GD9" failures="0" tests="1" name="com.sauce.tests.ProductCheckoutTest" time="5.867" errors="0" timestamp="2024-07-09T01:26:55 IST" skipped="0">
  <testcase classname="com.sauce.tests.ProductCheckoutTest" name="testCheckout" time="5.867"/>
</testsuite> <!-- com.sauce.tests.ProductCheckoutTest -->
