<?xml version="1.0" encoding="UTF-8"?>
<!-- Generated by org.testng.reporters.JUnitReportReporter -->
<testsuite hostname="DESKTOP-91O1GD9" failures="0" tests="1" name="com.gmail.test.SeleniumTest" time="1.423" errors="0" timestamp="2024-07-05T15:22:40 IST" skipped="0">
  <testcase classname="com.gmail.test.SeleniumTest" name="testGoogleTitle" time="1.423"/>
</testsuite> <!-- com.gmail.test.SeleniumTest -->
