<?xml version="1.0" encoding="UTF-8"?>
<!-- Generated by org.testng.reporters.JUnitReportReporter -->
<testsuite hostname="DESKTOP-91O1GD9" failures="0" tests="1" name="com.sauce.tests.ProductSortTest" time="5.184" errors="0" timestamp="2024-07-09T00:51:33 IST" skipped="0">
  <testcase classname="com.sauce.tests.ProductSortTest" name="testUserRegistration" time="5.184"/>
</testsuite> <!-- com.sauce.tests.ProductSortTest -->
